<?xml version="1.0" encoding="UTF-8"?>
<!-- Generated by org.testng.reporters.JUnitReportReporter -->
<testsuite hostname="BDC6-LX-6296GVS" name="applicationTestCases.STC_OCP_Test" tests="2" failures="0" timestamp="13 Jun 2019 05:28:26 GMT" time="119.054" errors="0">
  <testcase name="testocp" time="52.046" classname="applicationTestCases.STC_OCP_Test"/>
  <testcase name="testocp" time="67.008" classname="applicationTestCases.STC_OCP_Test"/>
</testsuite> <!-- applicationTestCases.STC_OCP_Test -->
