<?xml version="1.0" encoding="UTF-8"?>
<!-- Generated by org.testng.reporters.JUnitReportReporter -->
<testsuite hostname="BDC6-LX-6296GVS" name="applicationTestCases.STC_OCP_Test" tests="2" failures="0" timestamp="12 Jun 2019 10:37:06 GMT" time="94.067" errors="0">
  <testcase name="testocp" time="43.103" classname="applicationTestCases.STC_OCP_Test"/>
  <testcase name="testocp" time="50.964" classname="applicationTestCases.STC_OCP_Test"/>
</testsuite> <!-- applicationTestCases.STC_OCP_Test -->
