<?xml version="1.0" encoding="UTF-8"?>
<!-- Generated by org.testng.reporters.JUnitReportReporter -->
<testsuite hostname="BDC6-LX-6296GVS" name="applicationTestCases.STC_OCP_Test" tests="2" failures="0" timestamp="13 Jun 2019 05:44:05 GMT" time="95.290" errors="0">
  <testcase name="testocp" time="44.366" classname="applicationTestCases.STC_OCP_Test"/>
  <testcase name="testocp" time="50.924" classname="applicationTestCases.STC_OCP_Test"/>
</testsuite> <!-- applicationTestCases.STC_OCP_Test -->
