<?xml version="1.0" encoding="UTF-8"?>
<!-- Generated by org.testng.reporters.JUnitReportReporter -->
<testsuite skipped="0" hostname="BDC6-LX-6296GVS" name="applicationTestCases.TestPrarameterization" tests="2" failures="0" timestamp="29 May 2019 09:58:26 GMT" time="33.329" errors="0">
  <testcase name="applicationtest" time="16.602" classname="applicationTestCases.TestPrarameterization"/>
  <testcase name="applicationtest" time="16.727" classname="applicationTestCases.TestPrarameterization"/>
</testsuite> <!-- applicationTestCases.TestPrarameterization -->
