<?xml version="1.0" encoding="UTF-8"?>
<!-- Generated by org.testng.reporters.JUnitReportReporter -->
<testsuite skipped="0" hostname="BDC6-LX-6296GVS" name="applicationTestCases.TestSpicejet" tests="1" failures="0" timestamp="28 May 2019 08:43:37 GMT" time="71.344" errors="0">
  <testcase name="SmokeSpicejet" time="71.344" classname="applicationTestCases.TestSpicejet"/>
</testsuite> <!-- applicationTestCases.TestSpicejet -->
