<?xml version="1.0" encoding="UTF-8"?>
<!-- Generated by org.testng.reporters.JUnitReportReporter -->
<testsuite skipped="0" hostname="BDC6-LX-6296GVS" name="applicationTestCases.STC_OCP_Test" tests="1" failures="0" timestamp="30 May 2019 07:32:43 GMT" time="38.055" errors="0">
  <testcase name="testocp" time="38.055" classname="applicationTestCases.STC_OCP_Test"/>
</testsuite> <!-- applicationTestCases.STC_OCP_Test -->
