<?xml version="1.0" encoding="UTF-8"?>
<!-- Generated by org.testng.reporters.JUnitReportReporter -->
<testsuite skipped="0" hostname="BDC6-LX-6296GVS" name="applicationTestCases.STC_OCP_Test" tests="1" failures="0" timestamp="11 Jun 2019 12:44:07 GMT" time="157.052" errors="0">
  <testcase name="testocp" time="157.052" classname="applicationTestCases.STC_OCP_Test"/>
</testsuite> <!-- applicationTestCases.STC_OCP_Test -->
