<?xml version="1.0" encoding="UTF-8"?>
<!-- Generated by org.testng.reporters.JUnitReportReporter -->
<testsuite hostname="BDC8-LX-5R80NF2" failures="0" tests="1" name="STCTestCases.OCPTest" time="0.370" errors="0" timestamp="10 Jun 2019 09:53:50 GMT">
  <testcase classname="STCTestCases.OCPTest" name="testocp" time="0.370"/>
</testsuite> <!-- STCTestCases.OCPTest -->
